2025-06-23 11:01:49,939 INFO Starting analysis for: incidents/database_overload
2025-06-23 11:02:08,083 INFO Analysis complete for: incidents/database_overload
2025-06-23 11:07:48,602 INFO Starting analysis for: incidents/database_overload
2025-06-23 11:08:07,643 INFO Analysis complete for: incidents/database_overload
2025-06-23 11:10:25,924 INFO Starting analysis for: incidents/database_overload
2025-06-23 11:10:43,386 INFO Analysis complete for: incidents/database_overload
2025-06-23 11:12:09,116 INFO Starting analysis for: incidents/database_overload
2025-06-23 11:12:47,043 INFO Analysis complete for: incidents/database_overload
2025-06-23 11:14:54,197 INFO Starting analysis for: incidents/database_overload
2025-06-23 11:15:11,840 INFO Analysis complete for: incidents/database_overload
2025-06-23 11:19:06,911 INFO Starting analysis for: incidents/database_overload
2025-06-23 11:19:26,330 WARNING Timeline section not found in report text.
2025-06-23 11:19:26,330 INFO Analysis complete for: incidents/database_overload
2025-06-23 11:26:54,391 INFO Starting analysis for: incidents/database_overload
2025-06-23 11:27:12,793 INFO Analysis complete for: incidents/database_overload
2025-06-23 11:31:17,712 INFO Starting analysis for: incidents/database_overload
2025-06-23 11:31:42,217 INFO Analysis complete for: incidents/database_overload
2025-06-23 11:33:27,772 INFO Final timeline HTML:
<div class="timeline-horizontal"><div class="line"></div>
        <div class="timeline-dot" style="left: 5.0%;">
            <div class="timeline-tooltip">
                <b>2024-01-15 16:30:00</b><br/>Database connection timeouts begin. Latency spike to 8000ms, active connections reach 95.
            </div>
        </div>
        
        <div class="timeline-dot" style="left: 35.0%;">
            <div class="timeline-tooltip">
                <b>2024-01-15 16:33:00</b><br/>Continued connection timeouts and high latency (8000-10500ms). Error rate spikes across services.
            </div>
        </div>
        
        <div class="timeline-dot" style="left: 65.0%;">
            <div class="timeline-tooltip">
                <b>2024-01-15 17:15:00</b><br/>Database latency begins to decrease. Active connections drop to normal levels.
            </div>
        </div>
        
        <div class="timeline-dot" style="left: 95.0%;">
            <div class="timeline-tooltip">
                <b>2024-01-15 17:20:00</b><br/>All services report normal operation. Database metrics return to baseline.
            </div>
        </div>
        </div>
2025-06-23 11:33:43,594 INFO Starting analysis for: incidents/database_overload
2025-06-23 11:34:02,203 INFO Analysis complete for: incidents/database_overload
2025-06-23 11:34:02,205 INFO Final timeline HTML:
<div class="timeline-horizontal"><div class="line"></div>
        <div class="timeline-dot" style="left: 5.0%;">
            <div class="timeline-tooltip">
                <b>2024-01-15 16:30:00</b><br/>Database connection timeouts begin. High latency reported. Active connections spike.
            </div>
        </div>
        
        <div class="timeline-dot" style="left: 35.0%;">
            <div class="timeline-tooltip">
                <b>2024-01-15 16:33:00</b><br/>Continued connection timeouts and high latency across services. 5xx errors increase.
            </div>
        </div>
        
        <div class="timeline-dot" style="left: 65.0%;">
            <div class="timeline-tooltip">
                <b>2024-01-15 17:15:00</b><br/>Last database connection timeout errors logged. Database latency begins to decrease.
            </div>
        </div>
        
        <div class="timeline-dot" style="left: 95.0%;">
            <div class="timeline-tooltip">
                <b>2024-01-15 17:20:00</b><br/>All services resume normal operation. Database metrics return to normal levels.
            </div>
        </div>
        </div>
2025-06-23 11:34:02,268 INFO Final timeline HTML:
<div class="timeline-horizontal"><div class="line"></div>
        <div class="timeline-dot" style="left: 5.0%;">
            <div class="timeline-tooltip">
                <b>2024-01-15 16:30:00</b><br/>Database connection timeouts begin. High latency reported. Active connections spike.
            </div>
        </div>
        
        <div class="timeline-dot" style="left: 35.0%;">
            <div class="timeline-tooltip">
                <b>2024-01-15 16:33:00</b><br/>Continued connection timeouts and high latency across services. 5xx errors increase.
            </div>
        </div>
        
        <div class="timeline-dot" style="left: 65.0%;">
            <div class="timeline-tooltip">
                <b>2024-01-15 17:15:00</b><br/>Last database connection timeout errors logged. Database latency begins to decrease.
            </div>
        </div>
        
        <div class="timeline-dot" style="left: 95.0%;">
            <div class="timeline-tooltip">
                <b>2024-01-15 17:20:00</b><br/>All services resume normal operation. Database metrics return to normal levels.
            </div>
        </div>
        </div>
2025-06-23 11:35:10,777 INFO Final timeline HTML:
<div class="timeline-horizontal"><div class="line"></div><div class="timeline-dot" style="left: 5.0%;"><div class="timeline-tooltip"><b>2024-01-15 16:30:00</b><br/>Database connection timeouts begin. High latency reported. Active connections spike.</div></div><div class="timeline-dot" style="left: 35.0%;"><div class="timeline-tooltip"><b>2024-01-15 16:33:00</b><br/>Continued connection timeouts and high latency across services. 5xx errors increase.</div></div><div class="timeline-dot" style="left: 65.0%;"><div class="timeline-tooltip"><b>2024-01-15 17:15:00</b><br/>Last database connection timeout errors logged. Database latency begins to decrease.</div></div><div class="timeline-dot" style="left: 95.0%;"><div class="timeline-tooltip"><b>2024-01-15 17:20:00</b><br/>All services resume normal operation. Database metrics return to normal levels.</div></div></div>
2025-06-23 11:37:05,467 INFO Final timeline HTML:
<div class="timeline-horizontal"><div class="line"></div><div class="timeline-dot" style="left: 5.0%;"><div class="timeline-tooltip"><b>2024-01-15 16:30:00</b><br/>Database connection timeouts begin. High latency reported. Active connections spike.</div></div><div class="timeline-dot" style="left: 35.0%;"><div class="timeline-tooltip"><b>2024-01-15 16:33:00</b><br/>Continued connection timeouts and high latency across services. 5xx errors increase.</div></div><div class="timeline-dot" style="left: 65.0%;"><div class="timeline-tooltip"><b>2024-01-15 17:15:00</b><br/>Last database connection timeout errors logged. Database latency begins to decrease.</div></div><div class="timeline-dot" style="left: 95.0%;"><div class="timeline-tooltip"><b>2024-01-15 17:20:00</b><br/>All services resume normal operation. Database metrics return to normal levels.</div></div></div>
2025-06-23 11:52:36,520 INFO Starting analysis for: incidents/bad_deploy
2025-06-23 11:52:56,437 INFO Analysis complete for: incidents/bad_deploy
2025-06-23 11:55:30,523 INFO Starting analysis for: incidents/bad_deploy
2025-06-23 11:55:49,630 INFO Analysis complete for: incidents/bad_deploy
2025-06-23 11:56:57,459 INFO Starting analysis for: incidents/bad_deploy
2025-06-23 11:57:27,042 INFO Analysis complete for: incidents/bad_deploy
2025-06-23 13:00:48,834 INFO Starting analysis for: incidents/bad_deploy
2025-06-23 13:01:09,900 INFO Analysis complete for: incidents/bad_deploy
2025-06-23 13:09:46,713 INFO Starting analysis for: incidents/bad_deploy
2025-06-23 13:10:05,614 INFO Analysis complete for: incidents/bad_deploy
2025-06-23 13:29:47,644 INFO Starting analysis for: incidents/silent_cache_killer
2025-06-23 13:30:04,720 INFO Analysis complete for: incidents/silent_cache_killer
2025-06-23 13:34:14,453 INFO Starting analysis for: incidents/silent_cache_killer
2025-06-23 13:34:30,521 INFO Analysis complete for: incidents/silent_cache_killer
2025-06-23 17:05:08,842 INFO Starting analysis for: temp_incident
2025-06-23 17:05:08,873 ERROR Failed to analyze incident: temp_incident | Error: No log or metrics files found in temp_incident
2025-06-23 17:05:48,610 INFO Starting analysis for: temp_incident
2025-06-23 17:05:48,613 ERROR Failed to analyze incident: temp_incident | Error: No log or metrics files found in temp_incident
2025-06-23 17:06:41,694 INFO Starting analysis for: temp_incident
2025-06-23 17:06:41,695 ERROR Failed to analyze incident: temp_incident | Error: No log or metrics files found in temp_incident
2025-06-23 17:07:22,828 INFO Starting analysis for: temp_incident
2025-06-23 17:07:40,620 INFO Analysis complete for: temp_incident
2025-06-23 18:16:37,809 INFO Starting analysis for: incidents/silent_cache_killer
2025-06-23 18:16:58,939 INFO Analysis complete for: incidents/silent_cache_killer
2025-06-23 19:51:48,025 INFO Starting analysis for: incidents/retry_storm_cascade
2025-06-23 19:52:10,818 INFO Analysis complete for: incidents/retry_storm_cascade
2025-06-23 22:36:14,767 INFO Starting analysis for: incidents/bad_deploy
2025-06-23 22:36:40,755 INFO Analysis complete for: incidents/bad_deploy
2025-06-23 22:42:58,999 INFO Starting analysis for: incidents/bad_deploy
2025-06-23 22:43:24,219 INFO Analysis complete for: incidents/bad_deploy
2025-06-23 22:46:20,744 INFO Starting analysis for: incidents/bad_deploy
2025-06-23 22:46:45,649 INFO Analysis complete for: incidents/bad_deploy
2025-06-23 22:47:40,830 INFO Starting analysis for: incidents/bad_deploy
2025-06-23 22:48:06,713 INFO Analysis complete for: incidents/bad_deploy
2025-06-23 22:49:09,382 INFO Starting analysis for: incidents/bad_deploy
2025-06-23 22:49:33,744 INFO Analysis complete for: incidents/bad_deploy
2025-06-23 22:50:55,747 INFO Starting analysis for: incidents/bad_deploy
2025-06-23 22:51:21,878 INFO Analysis complete for: incidents/bad_deploy
2025-06-23 22:53:54,945 INFO Starting analysis for: incidents/bad_deploy
2025-06-23 22:54:23,747 INFO Analysis complete for: incidents/bad_deploy
2025-06-23 23:00:34,082 INFO Starting analysis for: incidents/bad_deploy
2025-06-23 23:00:57,329 INFO Analysis complete for: incidents/bad_deploy
2025-06-23 23:10:45,799 INFO Starting analysis for: incidents/bad_deploy
2025-06-23 23:11:18,550 INFO Analysis complete for: incidents/bad_deploy
2025-06-23 23:19:52,857 INFO Starting analysis for: incidents/bad_deploy
2025-06-23 23:20:26,357 INFO Analysis complete for: incidents/bad_deploy
2025-06-23 23:25:09,507 INFO Starting analysis for: incidents/retry_storm_cascade
2025-06-23 23:25:14,359 INFO Starting analysis for: incidents/retry_storm_cascade
2025-06-23 23:25:30,350 INFO Analysis complete for: incidents/retry_storm_cascade
2025-06-23 23:25:36,212 INFO Analysis complete for: incidents/retry_storm_cascade
2025-06-23 23:29:36,053 INFO Starting analysis for: incidents/silent_cache_killer
2025-06-23 23:29:57,028 INFO Analysis complete for: incidents/silent_cache_killer
2025-06-23 23:32:22,991 INFO Starting analysis for: incidents/bad_deploy
2025-06-23 23:32:56,655 INFO Analysis complete for: incidents/bad_deploy
2025-06-23 23:35:48,562 INFO Starting analysis for: incidents/thundering_herd
2025-06-23 23:36:10,972 INFO Analysis complete for: incidents/thundering_herd
2025-06-23 23:39:45,526 INFO Starting analysis for: incidents/silent_cache_killer
2025-06-23 23:40:08,596 INFO Analysis complete for: incidents/silent_cache_killer
2025-06-23 23:42:31,726 INFO Starting analysis for: incidents/bad_deploy
2025-06-23 23:43:02,165 INFO Analysis complete for: incidents/bad_deploy
2025-06-23 23:44:05,116 INFO Starting analysis for: incidents/bad_deploy
2025-06-23 23:44:33,987 INFO Analysis complete for: incidents/bad_deploy
2025-06-23 23:50:27,706 INFO Starting analysis for: incidents/silent_cache_killer
2025-06-23 23:50:48,531 INFO Analysis complete for: incidents/silent_cache_killer
2025-06-23 23:52:07,081 INFO Starting analysis for: incidents/silent_cache_killer
2025-06-23 23:52:26,353 WARNING Timeline section not found in report text.
2025-06-23 23:52:26,359 INFO Analysis complete for: incidents/silent_cache_killer
2025-06-23 23:56:15,605 INFO Starting analysis for: incidents/silent_cache_killer
2025-06-23 23:56:39,862 INFO Analysis complete for: incidents/silent_cache_killer
2025-06-23 23:58:08,303 INFO Starting analysis for: incidents/bad_deploy
2025-06-23 23:58:37,440 INFO Analysis complete for: incidents/bad_deploy
2025-06-24 00:03:42,633 INFO Starting analysis for: incidents/retry_storm_cascade
2025-06-24 00:04:10,373 INFO Analysis complete for: incidents/retry_storm_cascade
2025-06-24 00:09:07,174 INFO Starting analysis for: incidents/silent_cache_killer
2025-06-24 00:09:28,151 INFO Analysis complete for: incidents/silent_cache_killer
2025-06-24 00:19:07,906 INFO Starting analysis for: temp_incident
2025-06-24 00:19:42,662 INFO Analysis complete for: temp_incident
